c:\users\ryanw\documents\work\github\year-2\milestones-ryanwestwood\cpp-game\bin\intermediates\x64\release\vc142.pdb
c:\users\ryanw\documents\work\github\year-2\milestones-ryanwestwood\cpp-game\bin\intermediates\x64\release\userinterface.obj
c:\users\ryanw\documents\work\github\year-2\milestones-ryanwestwood\cpp-game\bin\intermediates\x64\release\tilemap.obj
c:\users\ryanw\documents\work\github\year-2\milestones-ryanwestwood\cpp-game\bin\intermediates\x64\release\texturemanager.obj
c:\users\ryanw\documents\work\github\year-2\milestones-ryanwestwood\cpp-game\bin\intermediates\x64\release\soundmanager.obj
c:\users\ryanw\documents\work\github\year-2\milestones-ryanwestwood\cpp-game\bin\intermediates\x64\release\main.obj
c:\users\ryanw\documents\work\github\year-2\milestones-ryanwestwood\cpp-game\bin\intermediates\x64\release\game.obj
c:\users\ryanw\documents\work\github\year-2\milestones-ryanwestwood\cpp-game\bin\intermediates\x64\release\mainmenu.obj
c:\users\ryanw\documents\work\github\year-2\milestones-ryanwestwood\cpp-game\bin\intermediates\x64\release\hiscores.obj
c:\users\ryanw\documents\work\github\year-2\milestones-ryanwestwood\cpp-game\bin\intermediates\x64\release\gameplay.obj
c:\users\ryanw\documents\work\github\year-2\milestones-ryanwestwood\cpp-game\bin\intermediates\x64\release\fontmanager.obj
c:\users\ryanw\documents\work\github\year-2\milestones-ryanwestwood\cpp-game\bin\intermediates\x64\release\fileparser.obj
c:\users\ryanw\documents\work\github\year-2\milestones-ryanwestwood\cpp-game\bin\intermediates\x64\release\datatypes.obj
c:\users\ryanw\documents\work\github\year-2\milestones-ryanwestwood\cpp-game\bin\intermediates\x64\release\buttonmanager.obj
c:\users\ryanw\documents\work\github\year-2\milestones-ryanwestwood\cpp-game\bin\intermediates\x64\release\scene.obj
c:\users\ryanw\documents\work\github\year-2\milestones-ryanwestwood\cpp-game\bin\intermediates\x64\release\player.obj
c:\users\ryanw\documents\work\github\year-2\milestones-ryanwestwood\cpp-game\bin\intermediates\x64\release\enemy.obj
c:\users\ryanw\documents\work\github\year-2\milestones-ryanwestwood\cpp-game\bin\intermediates\x64\release\bullet.obj
c:\users\ryanw\documents\work\github\year-2\milestones-ryanwestwood\cpp-game\bin\intermediates\x64\release\healthbar.obj
c:\users\ryanw\documents\work\github\year-2\milestones-ryanwestwood\cpp-game\bin\intermediates\x64\release\gameover.obj
c:\users\ryanw\documents\work\github\year-2\milestones-ryanwestwood\cpp-game\bin\intermediates\x64\release\chest.obj
c:\users\ryanw\documents\work\github\year-2\milestones-ryanwestwood\cpp-game\bin\x64\release\cpp-game.ipdb
c:\users\ryanw\documents\work\github\year-2\milestones-ryanwestwood\cpp-game\bin\x64\release\cpp-game.iobj
c:\users\ryanw\documents\work\github\year-2\milestones-ryanwestwood\cpp-game\bin\x64\release\cpp-game.exe
c:\users\ryanw\documents\work\github\year-2\milestones-ryanwestwood\cpp-game\bin\x64\release\cpp-game.pdb
c:\users\ryanw\documents\work\github\year-2\milestones-ryanwestwood\cpp-game\bin\intermediates\x64\release\bullet.nativecodeanalysis.xml
c:\users\ryanw\documents\work\github\year-2\milestones-ryanwestwood\cpp-game\bin\intermediates\x64\release\buttonmanager.nativecodeanalysis.xml
c:\users\ryanw\documents\work\github\year-2\milestones-ryanwestwood\cpp-game\bin\intermediates\x64\release\datatypes.nativecodeanalysis.xml
c:\users\ryanw\documents\work\github\year-2\milestones-ryanwestwood\cpp-game\bin\intermediates\x64\release\enemy.nativecodeanalysis.xml
c:\users\ryanw\documents\work\github\year-2\milestones-ryanwestwood\cpp-game\bin\intermediates\x64\release\fileparser.nativecodeanalysis.xml
c:\users\ryanw\documents\work\github\year-2\milestones-ryanwestwood\cpp-game\bin\intermediates\x64\release\fontmanager.nativecodeanalysis.xml
c:\users\ryanw\documents\work\github\year-2\milestones-ryanwestwood\cpp-game\bin\intermediates\x64\release\game.nativecodeanalysis.xml
c:\users\ryanw\documents\work\github\year-2\milestones-ryanwestwood\cpp-game\bin\intermediates\x64\release\gameplay.nativecodeanalysis.xml
c:\users\ryanw\documents\work\github\year-2\milestones-ryanwestwood\cpp-game\bin\intermediates\x64\release\hiscores.nativecodeanalysis.xml
c:\users\ryanw\documents\work\github\year-2\milestones-ryanwestwood\cpp-game\bin\intermediates\x64\release\main.nativecodeanalysis.xml
c:\users\ryanw\documents\work\github\year-2\milestones-ryanwestwood\cpp-game\bin\intermediates\x64\release\mainmenu.nativecodeanalysis.xml
c:\users\ryanw\documents\work\github\year-2\milestones-ryanwestwood\cpp-game\bin\intermediates\x64\release\player.nativecodeanalysis.xml
c:\users\ryanw\documents\work\github\year-2\milestones-ryanwestwood\cpp-game\bin\intermediates\x64\release\scene.nativecodeanalysis.xml
c:\users\ryanw\documents\work\github\year-2\milestones-ryanwestwood\cpp-game\bin\intermediates\x64\release\soundmanager.nativecodeanalysis.xml
c:\users\ryanw\documents\work\github\year-2\milestones-ryanwestwood\cpp-game\bin\intermediates\x64\release\texturemanager.nativecodeanalysis.xml
c:\users\ryanw\documents\work\github\year-2\milestones-ryanwestwood\cpp-game\bin\intermediates\x64\release\tilemap.nativecodeanalysis.xml
c:\users\ryanw\documents\work\github\year-2\milestones-ryanwestwood\cpp-game\bin\intermediates\x64\release\userinterface.nativecodeanalysis.xml
c:\users\ryanw\documents\work\github\year-2\milestones-ryanwestwood\cpp-game\bin\intermediates\x64\release\vc.nativecodeanalysis.all.xml
c:\users\ryanw\documents\work\github\year-2\milestones-ryanwestwood\cpp-game\bin\intermediates\x64\release\cpp-game.tlog\cl.command.1.tlog
c:\users\ryanw\documents\work\github\year-2\milestones-ryanwestwood\cpp-game\bin\intermediates\x64\release\cpp-game.tlog\cl.read.1.tlog
c:\users\ryanw\documents\work\github\year-2\milestones-ryanwestwood\cpp-game\bin\intermediates\x64\release\cpp-game.tlog\cl.write.1.tlog
c:\users\ryanw\documents\work\github\year-2\milestones-ryanwestwood\cpp-game\bin\intermediates\x64\release\cpp-game.tlog\cpp-game.write.1u.tlog
c:\users\ryanw\documents\work\github\year-2\milestones-ryanwestwood\cpp-game\bin\intermediates\x64\release\cpp-game.tlog\link.command.1.tlog
c:\users\ryanw\documents\work\github\year-2\milestones-ryanwestwood\cpp-game\bin\intermediates\x64\release\cpp-game.tlog\link.read.1.tlog
c:\users\ryanw\documents\work\github\year-2\milestones-ryanwestwood\cpp-game\bin\intermediates\x64\release\cpp-game.tlog\link.write.1.tlog
