  scene.cpp
  buttonmanager.cpp
C:\Users\RyanW\Documents\Work\GitHub\Year-2\milestones-RyanWestwood\CPP-Game\CPP-Game\src\buttonmanager.cpp(86,20): warning C4018: '<': signed/unsigned mismatch
  datatypes.cpp
  fileparser.cpp
  fontmanager.cpp
  gameplay.cpp
C:\Users\RyanW\Documents\Work\GitHub\Year-2\milestones-RyanWestwood\CPP-Game\CPP-Game\src\enemy.h(132,109): warning C4244: 'return': conversion from 'float' to 'int', possible loss of data
  hiscores.cpp
C:\Users\RyanW\Documents\Work\GitHub\Year-2\milestones-RyanWestwood\CPP-Game\CPP-Game\src\enemy.h(132,109): warning C4244: 'return': conversion from 'float' to 'int', possible loss of data
  mainmenu.cpp
C:\Users\RyanW\Documents\Work\GitHub\Year-2\milestones-RyanWestwood\CPP-Game\CPP-Game\src\enemy.h(132,109): warning C4244: 'return': conversion from 'float' to 'int', possible loss of data
  game.cpp
C:\Users\RyanW\Documents\Work\GitHub\Year-2\milestones-RyanWestwood\CPP-Game\CPP-Game\src\enemy.h(132,109): warning C4244: 'return': conversion from 'float' to 'int', possible loss of data
  main.cpp
C:\Users\RyanW\Documents\Work\GitHub\Year-2\milestones-RyanWestwood\CPP-Game\CPP-Game\src\enemy.h(132,109): warning C4244: 'return': conversion from 'float' to 'int', possible loss of data
  soundmanager.cpp
  texturemanager.cpp
  tilemap.cpp
  Generating Code...
C:\Users\RyanW\Documents\Work\GitHub\Year-2\milestones-RyanWestwood\CPP-Game\CPP-Game\src\texturemanager.cpp(56): warning C4715: 'TextureManager::LoadTextureRect': not all control paths return a value
C:\Users\RyanW\Documents\Work\GitHub\Year-2\milestones-RyanWestwood\CPP-Game\CPP-Game\src\texturemanager.cpp(33): warning C4715: 'TextureManager::LoadTexture': not all control paths return a value
C:\Users\RyanW\Documents\Work\GitHub\Year-2\milestones-RyanWestwood\CPP-Game\CPP-Game\src\soundmanager.cpp(59): warning C4715: 'SoundManager::LoadSFX': not all control paths return a value
C:\Users\RyanW\Documents\Work\GitHub\Year-2\milestones-RyanWestwood\CPP-Game\CPP-Game\src\soundmanager.cpp(27): warning C4715: 'SoundManager::LoadMusic': not all control paths return a value
C:\Users\RyanW\Documents\Work\GitHub\Year-2\milestones-RyanWestwood\CPP-Game\CPP-Game\src\fontmanager.cpp(96): warning C4715: 'FontManager::FontRect': not all control paths return a value
C:\Users\RyanW\Documents\Work\GitHub\Year-2\milestones-RyanWestwood\CPP-Game\CPP-Game\src\fontmanager.cpp(30): warning C4715: 'FontManager::LoadFont': not all control paths return a value
C:\Users\RyanW\Documents\Work\GitHub\Year-2\milestones-RyanWestwood\CPP-Game\CPP-Game\src\fontmanager.cpp(128): warning C4715: 'FontManager::FontRect': not all control paths return a value
C:\Users\RyanW\Documents\Work\GitHub\Year-2\milestones-RyanWestwood\CPP-Game\CPP-Game\src\fontmanager.cpp(113): warning C4715: 'FontManager::FontTexture': not all control paths return a value
C:\Users\RyanW\Documents\Work\GitHub\Year-2\milestones-RyanWestwood\CPP-Game\CPP-Game\src\fontmanager.cpp(122): warning C4172: returning address of local variable or temporary: result
C:\Users\RyanW\Documents\Work\GitHub\Year-2\milestones-RyanWestwood\CPP-Game\CPP-Game\src\fontmanager.cpp(90): warning C4172: returning address of local variable or temporary: result
LINK : fatal error LNK1104: cannot open file 'SDL2_tff.lib'
