c:\users\ryanw\documents\work\github\year-2\milestones-ryanwestwood\cpp-game\bin\intermediates\x64\debug\vc142.pdb
c:\users\ryanw\documents\work\github\year-2\milestones-ryanwestwood\cpp-game\bin\intermediates\x64\debug\vc142.idb
c:\users\ryanw\documents\work\github\year-2\milestones-ryanwestwood\cpp-game\bin\intermediates\x64\debug\userinterface.obj
c:\users\ryanw\documents\work\github\year-2\milestones-ryanwestwood\cpp-game\bin\intermediates\x64\debug\tilemap.obj
c:\users\ryanw\documents\work\github\year-2\milestones-ryanwestwood\cpp-game\bin\intermediates\x64\debug\texturemanager.obj
c:\users\ryanw\documents\work\github\year-2\milestones-ryanwestwood\cpp-game\bin\intermediates\x64\debug\soundmanager.obj
c:\users\ryanw\documents\work\github\year-2\milestones-ryanwestwood\cpp-game\bin\intermediates\x64\debug\main.obj
c:\users\ryanw\documents\work\github\year-2\milestones-ryanwestwood\cpp-game\bin\intermediates\x64\debug\game.obj
c:\users\ryanw\documents\work\github\year-2\milestones-ryanwestwood\cpp-game\bin\intermediates\x64\debug\mainmenu.obj
c:\users\ryanw\documents\work\github\year-2\milestones-ryanwestwood\cpp-game\bin\intermediates\x64\debug\hiscores.obj
c:\users\ryanw\documents\work\github\year-2\milestones-ryanwestwood\cpp-game\bin\intermediates\x64\debug\gameplay.obj
c:\users\ryanw\documents\work\github\year-2\milestones-ryanwestwood\cpp-game\bin\intermediates\x64\debug\fontmanager.obj
c:\users\ryanw\documents\work\github\year-2\milestones-ryanwestwood\cpp-game\bin\intermediates\x64\debug\fileparser.obj
c:\users\ryanw\documents\work\github\year-2\milestones-ryanwestwood\cpp-game\bin\intermediates\x64\debug\datatypes.obj
c:\users\ryanw\documents\work\github\year-2\milestones-ryanwestwood\cpp-game\bin\intermediates\x64\debug\buttonmanager.obj
c:\users\ryanw\documents\work\github\year-2\milestones-ryanwestwood\cpp-game\bin\intermediates\x64\debug\scene.obj
c:\users\ryanw\documents\work\github\year-2\milestones-ryanwestwood\cpp-game\bin\intermediates\x64\debug\player.obj
c:\users\ryanw\documents\work\github\year-2\milestones-ryanwestwood\cpp-game\bin\intermediates\x64\debug\healthbar.obj
c:\users\ryanw\documents\work\github\year-2\milestones-ryanwestwood\cpp-game\bin\intermediates\x64\debug\enemy.obj
c:\users\ryanw\documents\work\github\year-2\milestones-ryanwestwood\cpp-game\bin\intermediates\x64\debug\bullet.obj
c:\users\ryanw\documents\work\github\year-2\milestones-ryanwestwood\cpp-game\bin\intermediates\x64\debug\gameover.obj
c:\users\ryanw\documents\work\github\year-2\milestones-ryanwestwood\cpp-game\bin\intermediates\x64\debug\chest.obj
c:\users\ryanw\documents\work\github\year-2\milestones-ryanwestwood\cpp-game\bin\intermediates\x64\debug\healthpickup.obj
c:\users\ryanw\documents\work\github\year-2\milestones-ryanwestwood\cpp-game\bin\x64\debug\cpp-game.exe
c:\users\ryanw\documents\work\github\year-2\milestones-ryanwestwood\cpp-game\bin\x64\debug\cpp-game.ilk
c:\users\ryanw\documents\work\github\year-2\milestones-ryanwestwood\cpp-game\bin\x64\debug\cpp-game.pdb
c:\users\ryanw\documents\work\github\year-2\milestones-ryanwestwood\cpp-game\bin\intermediates\x64\debug\cpp-game.tlog\cl.command.1.tlog
c:\users\ryanw\documents\work\github\year-2\milestones-ryanwestwood\cpp-game\bin\intermediates\x64\debug\cpp-game.tlog\cl.read.1.tlog
c:\users\ryanw\documents\work\github\year-2\milestones-ryanwestwood\cpp-game\bin\intermediates\x64\debug\cpp-game.tlog\cl.write.1.tlog
c:\users\ryanw\documents\work\github\year-2\milestones-ryanwestwood\cpp-game\bin\intermediates\x64\debug\cpp-game.tlog\link.command.1.tlog
c:\users\ryanw\documents\work\github\year-2\milestones-ryanwestwood\cpp-game\bin\intermediates\x64\debug\cpp-game.tlog\link.read.1.tlog
c:\users\ryanw\documents\work\github\year-2\milestones-ryanwestwood\cpp-game\bin\intermediates\x64\debug\cpp-game.tlog\link.write.1.tlog
