  bullet.cpp
C:\Users\RyanW\Documents\Work\GitHub\Year-2\milestones-RyanWestwood\CPP-Game\CPP-Game\src\bullet.cpp(43,55): warning C4244: '+=': conversion from 'double' to 'T', possible loss of data
          with
          [
              T=int
          ]
C:\Users\RyanW\Documents\Work\GitHub\Year-2\milestones-RyanWestwood\CPP-Game\CPP-Game\src\bullet.cpp(44,55): warning C4244: '-=': conversion from 'double' to 'T', possible loss of data
          with
          [
              T=int
          ]
C:\Users\RyanW\Documents\Work\GitHub\Year-2\milestones-RyanWestwood\CPP-Game\CPP-Game\src\bullet.cpp(74,33): warning C4018: '>': signed/unsigned mismatch
  buttonmanager.cpp
C:\Users\RyanW\Documents\Work\GitHub\Year-2\milestones-RyanWestwood\CPP-Game\CPP-Game\src\buttonmanager.cpp(121,30): warning C4267: '=': conversion from 'size_t' to 'int', possible loss of data
  datatypes.cpp
  enemy.cpp
C:\Users\RyanW\Documents\Work\GitHub\Year-2\milestones-RyanWestwood\CPP-Game\CPP-Game\src\enemy.cpp(40,27): warning C4838: conversion from 'T' to 'int' requires a narrowing conversion
          with
          [
              T=float
          ]
C:\Users\RyanW\Documents\Work\GitHub\Year-2\milestones-RyanWestwood\CPP-Game\CPP-Game\src\enemy.cpp(40,27): warning C4244: 'initializing': conversion from 'T' to 'int', possible loss of data
          with
          [
              T=float
          ]
C:\Users\RyanW\Documents\Work\GitHub\Year-2\milestones-RyanWestwood\CPP-Game\CPP-Game\src\enemy.cpp(40,39): warning C4838: conversion from 'T' to 'int' requires a narrowing conversion
          with
          [
              T=float
          ]
C:\Users\RyanW\Documents\Work\GitHub\Year-2\milestones-RyanWestwood\CPP-Game\CPP-Game\src\enemy.cpp(40,39): warning C4244: 'initializing': conversion from 'T' to 'int', possible loss of data
          with
          [
              T=float
          ]
C:\Users\RyanW\Documents\Work\GitHub\Year-2\milestones-RyanWestwood\CPP-Game\CPP-Game\src\enemy.cpp(136,108): warning C4244: 'return': conversion from 'float' to 'int', possible loss of data
  game.cpp
C:\Users\RyanW\Documents\Work\GitHub\Year-2\milestones-RyanWestwood\CPP-Game\CPP-Game\lib\HASHING-1.0\xxhash64.h(90,23): warning C4244: '=': conversion from '__int64' to 'unsigned int', possible loss of data
  gameplay.cpp
C:\Users\RyanW\Documents\Work\GitHub\Year-2\milestones-RyanWestwood\CPP-Game\CPP-Game\lib\HASHING-1.0\xxhash64.h(90,23): warning C4244: '=': conversion from '__int64' to 'unsigned int', possible loss of data
  healthbar.cpp
C:\Users\RyanW\Documents\Work\GitHub\Year-2\milestones-RyanWestwood\CPP-Game\CPP-Game\src\healthbar.cpp(28,118): warning C4244: 'argument': conversion from 'double' to 'int', possible loss of data
  hiscores.cpp
C:\Users\RyanW\Documents\Work\GitHub\Year-2\milestones-RyanWestwood\CPP-Game\CPP-Game\lib\HASHING-1.0\xxhash64.h(90,23): warning C4244: '=': conversion from '__int64' to 'unsigned int', possible loss of data
  main.cpp
C:\Users\RyanW\Documents\Work\GitHub\Year-2\milestones-RyanWestwood\CPP-Game\CPP-Game\lib\HASHING-1.0\xxhash64.h(90,23): warning C4244: '=': conversion from '__int64' to 'unsigned int', possible loss of data
  mainmenu.cpp
C:\Users\RyanW\Documents\Work\GitHub\Year-2\milestones-RyanWestwood\CPP-Game\CPP-Game\lib\HASHING-1.0\xxhash64.h(90,23): warning C4244: '=': conversion from '__int64' to 'unsigned int', possible loss of data
  player.cpp
  userinterface.cpp
  Generating Code...
  CPP-Game.vcxproj -> C:\Users\RyanW\Documents\Work\GitHub\Year-2\milestones-RyanWestwood\CPP-Game\bin\x64\Debug\CPP-Game.exe
